{"name": "check updating smartheat and top30 -- @1.1 cases", "status": "failed", "statusDetails": {"message": "AssertionError\n", "trace": "  File \"c:\\users\\wsu\\pycharmprojects\\msw_api\\venv\\lib\\site-packages\\behave\\model.py\", line 1329, in run\n    match.run(runner.context)\n  File \"c:\\users\\wsu\\pycharmprojects\\msw_api\\venv\\lib\\site-packages\\behave\\matchers.py\", line 98, in run\n    self.func(context, *args, **kwargs)\n  File \"features\\steps\\index_page.py\", line 68, in step_impl\n    assert response.ok\n"}, "steps": [{"name": "Given get endpoint image: top30", "status": "passed", "start": 1611140504880, "stop": 1611140504939}, {"name": "And get endpoint image file", "status": "passed", "start": 1611140504939, "stop": 1611140504939}, {"name": "And get new image", "status": "passed", "start": 1611140504940, "stop": 1611140504941}, {"name": "When upload new image through endpoint: top30", "status": "failed", "statusDetails": {"message": "AssertionError\n", "trace": "  File \"c:\\users\\wsu\\pycharmprojects\\msw_api\\venv\\lib\\site-packages\\behave\\model.py\", line 1329, in run\n    match.run(runner.context)\n  File \"c:\\users\\wsu\\pycharmprojects\\msw_api\\venv\\lib\\site-packages\\behave\\matchers.py\", line 98, in run\n    self.func(context, *args, **kwargs)\n  File \"features\\steps\\index_page.py\", line 68, in step_impl\n    assert response.ok\n"}, "start": 1611140504941, "stop": 1611140505239}], "parameters": [{"name": "type", "value": "top30"}], "start": 1611140504876, "stop": 1611140505240, "uuid": "7b867043-22db-48d0-877f-d3b59627904e", "historyId": "b050da8aa72a2f7e6157355d4a1fce7c", "fullName": "features/I-index_page.feature:check updating smartheat and top30", "labels": [{"name": "severity", "value": "normal"}, {"name": "feature", "value": "check all user_data"}, {"name": "framework", "value": "behave"}, {"name": "language", "value": "cpython3"}]}