{"name": "checking filters of REPORTS", "status": "failed", "statusDetails": {"message": "AssertionError\n", "trace": "  File \"c:\\users\\wsu\\pycharmprojects\\msw_api\\venv\\lib\\site-packages\\behave\\model.py\", line 1329, in run\n    match.run(runner.context)\n  File \"c:\\users\\wsu\\pycharmprojects\\msw_api\\venv\\lib\\site-packages\\behave\\matchers.py\", line 98, in run\n    self.func(context, *args, **kwargs)\n  File \"features\\steps\\reports.py\", line 94, in step_impl\n    assert actual_report == expected_report\n"}, "steps": [{"name": "Given get company bills for reports", "status": "passed", "start": 1611335342994, "stop": 1611335343053}, {"name": "And formation of url for company report with non actual date", "status": "passed", "start": 1611335343053, "stop": 1611335343054}, {"name": "When get expected company report data", "status": "passed", "start": 1611335343056, "stop": 1611335343056}, {"name": "Then compare expected report and actual report", "status": "failed", "statusDetails": {"message": "AssertionError\n", "trace": "  File \"c:\\users\\wsu\\pycharmprojects\\msw_api\\venv\\lib\\site-packages\\behave\\model.py\", line 1329, in run\n    match.run(runner.context)\n  File \"c:\\users\\wsu\\pycharmprojects\\msw_api\\venv\\lib\\site-packages\\behave\\matchers.py\", line 98, in run\n    self.func(context, *args, **kwargs)\n  File \"features\\steps\\reports.py\", line 94, in step_impl\n    assert actual_report == expected_report\n"}, "start": 1611335343057, "stop": 1611335343191}], "start": 1611335342984, "stop": 1611335343195, "uuid": "151aa366-7fb2-4828-a8ed-d88ae9bffb2e", "historyId": "deb83e44f07a4e9975ef7ddd45121f08", "fullName": "features/I-AS/VII-reports.feature:checking filters of REPORTS", "labels": [{"name": "severity", "value": "normal"}, {"name": "tag", "value": "fin_user"}, {"name": "feature", "value": "report"}, {"name": "framework", "value": "behave"}, {"name": "language", "value": "cpython3"}]}