{"name": "check updating smartheat and top30 through endpoint -- @1.4 cases", "status": "failed", "statusDetails": {"message": "AssertionError\n", "trace": "  File \"c:\\users\\wsu\\pycharmprojects\\msw_api\\venv\\lib\\site-packages\\behave\\model.py\", line 1329, in run\n    match.run(runner.context)\n  File \"c:\\users\\wsu\\pycharmprojects\\msw_api\\venv\\lib\\site-packages\\behave\\matchers.py\", line 98, in run\n    self.func(context, *args, **kwargs)\n  File \"features\\steps\\index_page_other.py\", line 60, in step_impl\n    assert exp_books == act_books\n"}, "steps": [{"name": "Given get all books and sort by author", "status": "passed", "start": 1611228477412, "stop": 1611228480357}, {"name": "And create url with random author", "status": "passed", "start": 1611228480357, "stop": 1611228480358}, {"name": "And search of books", "status": "passed", "start": 1611228480359, "stop": 1611228480524}, {"name": "Then check result of search", "status": "failed", "statusDetails": {"message": "AssertionError\n", "trace": "  File \"c:\\users\\wsu\\pycharmprojects\\msw_api\\venv\\lib\\site-packages\\behave\\model.py\", line 1329, in run\n    match.run(runner.context)\n  File \"c:\\users\\wsu\\pycharmprojects\\msw_api\\venv\\lib\\site-packages\\behave\\matchers.py\", line 98, in run\n    self.func(context, *args, **kwargs)\n  File \"features\\steps\\index_page_other.py\", line 60, in step_impl\n    assert exp_books == act_books\n"}, "start": 1611228480525, "stop": 1611228480532}], "parameters": [{"name": "type", "value": "top30"}], "start": 1611228477410, "stop": 1611228480534, "uuid": "37366c6f-11bd-4a4a-924c-3d9f54a3f466", "historyId": "f820c31c849a7ff0d466d94e744bee08", "fullName": "features/II_index_page.feature:check updating smartheat and top30 through endpoint", "labels": [{"name": "severity", "value": "normal"}, {"name": "feature", "value": "check \"Index\" page"}, {"name": "framework", "value": "behave"}, {"name": "language", "value": "cpython3"}]}