{"name": "check updating smartheat and top30 through endpoint -- @1.2 cases", "status": "failed", "statusDetails": {"message": "AssertionError\n", "trace": "  File \"c:\\users\\wsu\\pycharmprojects\\msw_api\\venv\\lib\\site-packages\\behave\\model.py\", line 1329, in run\n    match.run(runner.context)\n  File \"c:\\users\\wsu\\pycharmprojects\\msw_api\\venv\\lib\\site-packages\\behave\\matchers.py\", line 98, in run\n    self.func(context, *args, **kwargs)\n  File \"features\\steps\\index_page_other.py\", line 60, in step_impl\n    assert act_books in exp_books\n"}, "steps": [{"name": "Given get all books and sort by author", "status": "passed", "start": 1611232624591, "stop": 1611232631526}, {"name": "And create url with random author", "status": "passed", "start": 1611232631527, "stop": 1611232631527}, {"name": "And search of books", "status": "passed", "start": 1611232631527, "stop": 1611232631688}, {"name": "Then check result of search", "status": "failed", "statusDetails": {"message": "AssertionError\n", "trace": "  File \"c:\\users\\wsu\\pycharmprojects\\msw_api\\venv\\lib\\site-packages\\behave\\model.py\", line 1329, in run\n    match.run(runner.context)\n  File \"c:\\users\\wsu\\pycharmprojects\\msw_api\\venv\\lib\\site-packages\\behave\\matchers.py\", line 98, in run\n    self.func(context, *args, **kwargs)\n  File \"features\\steps\\index_page_other.py\", line 60, in step_impl\n    assert act_books in exp_books\n"}, "start": 1611232631689, "stop": 1611232631691}], "parameters": [{"name": "type", "value": "top30"}], "start": 1611232624590, "stop": 1611232631692, "uuid": "efecef12-e19c-43d4-ab56-69cbc493a256", "historyId": "6bdc222f962e8f0696e082d54ee260db", "fullName": "features/II_index_page.feature:check updating smartheat and top30 through endpoint", "labels": [{"name": "severity", "value": "normal"}, {"name": "feature", "value": "check \"Index\" page"}, {"name": "framework", "value": "behave"}, {"name": "language", "value": "cpython3"}]}