{"name": "check updating smartheat and top30 through endpoint -- @1.10 cases", "status": "failed", "statusDetails": {"message": "AssertionError\n", "trace": "  File \"c:\\users\\wsu\\pycharmprojects\\msw_api\\venv\\lib\\site-packages\\behave\\model.py\", line 1329, in run\n    match.run(runner.context)\n  File \"c:\\users\\wsu\\pycharmprojects\\msw_api\\venv\\lib\\site-packages\\behave\\matchers.py\", line 98, in run\n    self.func(context, *args, **kwargs)\n  File \"features\\steps\\index_page_other.py\", line 60, in step_impl\n    assert exp_books == act_books\n"}, "steps": [{"name": "Given get all books and sort by author", "status": "passed", "start": 1611231996310, "stop": 1611232008796}, {"name": "And create url with random author", "status": "passed", "start": 1611232008797, "stop": 1611232008797}, {"name": "And search of books", "status": "passed", "start": 1611232008798, "stop": 1611232008964}, {"name": "Then check result of search", "status": "failed", "statusDetails": {"message": "AssertionError\n", "trace": "  File \"c:\\users\\wsu\\pycharmprojects\\msw_api\\venv\\lib\\site-packages\\behave\\model.py\", line 1329, in run\n    match.run(runner.context)\n  File \"c:\\users\\wsu\\pycharmprojects\\msw_api\\venv\\lib\\site-packages\\behave\\matchers.py\", line 98, in run\n    self.func(context, *args, **kwargs)\n  File \"features\\steps\\index_page_other.py\", line 60, in step_impl\n    assert exp_books == act_books\n"}, "start": 1611232008965, "stop": 1611232008971}], "parameters": [{"name": "type", "value": "top30"}], "start": 1611231996307, "stop": 1611232008974, "uuid": "5bfe04d9-7ffc-47c3-9c87-c9a4735b1777", "historyId": "53ae134d97349e85995a1d361239edc1", "fullName": "features/II_index_page.feature:check updating smartheat and top30 through endpoint", "labels": [{"name": "severity", "value": "normal"}, {"name": "feature", "value": "check \"Index\" page"}, {"name": "framework", "value": "behave"}, {"name": "language", "value": "cpython3"}]}