{"name": "checking filters of REPORTS", "status": "failed", "statusDetails": {"message": "AssertionError\n", "trace": "  File \"c:\\users\\wsu\\pycharmprojects\\msw_api\\venv\\lib\\site-packages\\behave\\model.py\", line 1329, in run\n    match.run(runner.context)\n  File \"c:\\users\\wsu\\pycharmprojects\\msw_api\\venv\\lib\\site-packages\\behave\\matchers.py\", line 98, in run\n    self.func(context, *args, **kwargs)\n  File \"features\\steps\\reports.py\", line 93, in step_impl\n    assert actual_report == expected_report\n"}, "steps": [{"name": "Given get company bills for reports", "status": "passed", "start": 1610745408001, "stop": 1610745408032}, {"name": "And formation of url for company report with actual date", "status": "passed", "start": 1610745408033, "stop": 1610745408036}, {"name": "When get expected company report data", "status": "passed", "start": 1610745408037, "stop": 1610745408037}, {"name": "Then compare expected report and actual report", "status": "failed", "statusDetails": {"message": "AssertionError\n", "trace": "  File \"c:\\users\\wsu\\pycharmprojects\\msw_api\\venv\\lib\\site-packages\\behave\\model.py\", line 1329, in run\n    match.run(runner.context)\n  File \"c:\\users\\wsu\\pycharmprojects\\msw_api\\venv\\lib\\site-packages\\behave\\matchers.py\", line 98, in run\n    self.func(context, *args, **kwargs)\n  File \"features\\steps\\reports.py\", line 93, in step_impl\n    assert actual_report == expected_report\n"}, "start": 1610745408038, "stop": 1610745408084}], "start": 1610745407999, "stop": 1610745408085, "uuid": "b6acaebe-9590-4035-97b4-a0b399e96368", "historyId": "deb83e44f07a4e9975ef7ddd45121f08", "fullName": "features/I-AS/VII-reports.feature:checking filters of REPORTS", "labels": [{"name": "severity", "value": "normal"}, {"name": "tag", "value": "fin_user"}, {"name": "feature", "value": "report"}, {"name": "framework", "value": "behave"}, {"name": "language", "value": "cpython3"}]}