{"name": "check updating smartheat and top30 through endpoint -- @1.7 cases", "status": "failed", "statusDetails": {"message": "AssertionError\n", "trace": "  File \"c:\\users\\wsu\\pycharmprojects\\msw_api\\venv\\lib\\site-packages\\behave\\model.py\", line 1329, in run\n    match.run(runner.context)\n  File \"c:\\users\\wsu\\pycharmprojects\\msw_api\\venv\\lib\\site-packages\\behave\\matchers.py\", line 98, in run\n    self.func(context, *args, **kwargs)\n  File \"features\\steps\\index_page_other.py\", line 60, in step_impl\n    assert exp_books == act_books\n"}, "steps": [{"name": "Given get all books and sort by author", "status": "passed", "start": 1611228486895, "stop": 1611228489957}, {"name": "And create url with random author", "status": "passed", "start": 1611228489957, "stop": 1611228489958}, {"name": "And search of books", "status": "passed", "start": 1611228489959, "stop": 1611228490210}, {"name": "Then check result of search", "status": "failed", "statusDetails": {"message": "AssertionError\n", "trace": "  File \"c:\\users\\wsu\\pycharmprojects\\msw_api\\venv\\lib\\site-packages\\behave\\model.py\", line 1329, in run\n    match.run(runner.context)\n  File \"c:\\users\\wsu\\pycharmprojects\\msw_api\\venv\\lib\\site-packages\\behave\\matchers.py\", line 98, in run\n    self.func(context, *args, **kwargs)\n  File \"features\\steps\\index_page_other.py\", line 60, in step_impl\n    assert exp_books == act_books\n"}, "start": 1611228490210, "stop": 1611228490215}], "parameters": [{"name": "type", "value": "smartheat"}], "start": 1611228486892, "stop": 1611228490217, "uuid": "17feb91e-93f1-466f-9939-1d4e2de013d7", "historyId": "2715ab598902c69a899e15f44e12dfa3", "fullName": "features/II_index_page.feature:check updating smartheat and top30 through endpoint", "labels": [{"name": "severity", "value": "normal"}, {"name": "feature", "value": "check \"Index\" page"}, {"name": "framework", "value": "behave"}, {"name": "language", "value": "cpython3"}]}