{"name": "check updating smartheat and top30 through endpoint -- @1.6 cases", "status": "failed", "statusDetails": {"message": "AssertionError\n", "trace": "  File \"c:\\users\\wsu\\pycharmprojects\\msw_api\\venv\\lib\\site-packages\\behave\\model.py\", line 1329, in run\n    match.run(runner.context)\n  File \"c:\\users\\wsu\\pycharmprojects\\msw_api\\venv\\lib\\site-packages\\behave\\matchers.py\", line 98, in run\n    self.func(context, *args, **kwargs)\n  File \"features\\steps\\index_page_other.py\", line 60, in step_impl\n    assert exp_books == act_books\n"}, "steps": [{"name": "Given get all books and sort by author", "status": "passed", "start": 1611231945363, "stop": 1611231957963}, {"name": "And create url with random author", "status": "passed", "start": 1611231957964, "stop": 1611231957964}, {"name": "And search of books", "status": "passed", "start": 1611231957965, "stop": 1611231958081}, {"name": "Then check result of search", "status": "failed", "statusDetails": {"message": "AssertionError\n", "trace": "  File \"c:\\users\\wsu\\pycharmprojects\\msw_api\\venv\\lib\\site-packages\\behave\\model.py\", line 1329, in run\n    match.run(runner.context)\n  File \"c:\\users\\wsu\\pycharmprojects\\msw_api\\venv\\lib\\site-packages\\behave\\matchers.py\", line 98, in run\n    self.func(context, *args, **kwargs)\n  File \"features\\steps\\index_page_other.py\", line 60, in step_impl\n    assert exp_books == act_books\n"}, "start": 1611231958082, "stop": 1611231958087}], "parameters": [{"name": "type", "value": "top30"}], "start": 1611231945356, "stop": 1611231958089, "uuid": "18a78544-94a6-4a99-b70b-3a453dca21d0", "historyId": "eb87aaf8a81c349910ee6d8de9dd2bc5", "fullName": "features/II_index_page.feature:check updating smartheat and top30 through endpoint", "labels": [{"name": "severity", "value": "normal"}, {"name": "feature", "value": "check \"Index\" page"}, {"name": "framework", "value": "behave"}, {"name": "language", "value": "cpython3"}]}