{"name": "check updating smartheat and top30 through endpoint -- @1.8 cases", "status": "failed", "statusDetails": {"message": "AssertionError\n", "trace": "  File \"c:\\users\\wsu\\pycharmprojects\\msw_api\\venv\\lib\\site-packages\\behave\\model.py\", line 1329, in run\n    match.run(runner.context)\n  File \"c:\\users\\wsu\\pycharmprojects\\msw_api\\venv\\lib\\site-packages\\behave\\matchers.py\", line 98, in run\n    self.func(context, *args, **kwargs)\n  File \"features\\steps\\index_page_other.py\", line 60, in step_impl\n    assert act_books in exp_books\n"}, "steps": [{"name": "Given get all books and sort by author", "status": "passed", "start": 1611232167152, "stop": 1611232173784}, {"name": "And create url with random author", "status": "passed", "start": 1611232173785, "stop": 1611232173785}, {"name": "And search of books", "status": "passed", "start": 1611232173785, "stop": 1611232173912}, {"name": "Then check result of search", "status": "failed", "statusDetails": {"message": "AssertionError\n", "trace": "  File \"c:\\users\\wsu\\pycharmprojects\\msw_api\\venv\\lib\\site-packages\\behave\\model.py\", line 1329, in run\n    match.run(runner.context)\n  File \"c:\\users\\wsu\\pycharmprojects\\msw_api\\venv\\lib\\site-packages\\behave\\matchers.py\", line 98, in run\n    self.func(context, *args, **kwargs)\n  File \"features\\steps\\index_page_other.py\", line 60, in step_impl\n    assert act_books in exp_books\n"}, "start": 1611232173913, "stop": 1611232173919}], "parameters": [{"name": "type", "value": "top30"}], "start": 1611232167151, "stop": 1611232173922, "uuid": "bd8dfc95-b361-4658-9304-312f178c1760", "historyId": "01d71f26a709517f8b6b6a262b793b40", "fullName": "features/II_index_page.feature:check updating smartheat and top30 through endpoint", "labels": [{"name": "severity", "value": "normal"}, {"name": "feature", "value": "check \"Index\" page"}, {"name": "framework", "value": "behave"}, {"name": "language", "value": "cpython3"}]}