{"name": "checking filters of REPORTS", "status": "failed", "statusDetails": {"message": "AssertionError\n", "trace": "  File \"c:\\users\\wsu\\pycharmprojects\\msw_api\\venv\\lib\\site-packages\\behave\\model.py\", line 1329, in run\n    match.run(runner.context)\n  File \"c:\\users\\wsu\\pycharmprojects\\msw_api\\venv\\lib\\site-packages\\behave\\matchers.py\", line 98, in run\n    self.func(context, *args, **kwargs)\n  File \"features\\steps\\reports.py\", line 93, in step_impl\n    assert actual_report == expected_report\n"}, "steps": [{"name": "Given get company bills for reports", "status": "passed", "start": 1610745408087, "stop": 1610745408113}, {"name": "And formation of url for company report with non actual date", "status": "passed", "start": 1610745408114, "stop": 1610745408114}, {"name": "When get expected company report data", "status": "passed", "start": 1610745408115, "stop": 1610745408115}, {"name": "Then compare expected report and actual report", "status": "failed", "statusDetails": {"message": "AssertionError\n", "trace": "  File \"c:\\users\\wsu\\pycharmprojects\\msw_api\\venv\\lib\\site-packages\\behave\\model.py\", line 1329, in run\n    match.run(runner.context)\n  File \"c:\\users\\wsu\\pycharmprojects\\msw_api\\venv\\lib\\site-packages\\behave\\matchers.py\", line 98, in run\n    self.func(context, *args, **kwargs)\n  File \"features\\steps\\reports.py\", line 93, in step_impl\n    assert actual_report == expected_report\n"}, "start": 1610745408115, "stop": 1610745408149}], "start": 1610745408086, "stop": 1610745408150, "uuid": "be14c83b-ca8e-4283-b887-08b8bf6e19b8", "historyId": "deb83e44f07a4e9975ef7ddd45121f08", "fullName": "features/I-AS/VII-reports.feature:checking filters of REPORTS", "labels": [{"name": "severity", "value": "normal"}, {"name": "tag", "value": "fin_user"}, {"name": "feature", "value": "report"}, {"name": "framework", "value": "behave"}, {"name": "language", "value": "cpython3"}]}