{"name": "check updating smartheat and top30 through endpoint -- @1.1 cases", "status": "failed", "statusDetails": {"message": "AssertionError\n", "trace": "  File \"c:\\users\\wsu\\pycharmprojects\\msw_api\\venv\\lib\\site-packages\\behave\\model.py\", line 1329, in run\n    match.run(runner.context)\n  File \"c:\\users\\wsu\\pycharmprojects\\msw_api\\venv\\lib\\site-packages\\behave\\matchers.py\", line 98, in run\n    self.func(context, *args, **kwargs)\n  File \"features\\steps\\index_page_other.py\", line 60, in step_impl\n    assert act_books in exp_books\n"}, "steps": [{"name": "Given get all books and sort by author", "status": "passed", "start": 1611232118787, "stop": 1611232125662}, {"name": "And create url with random author", "status": "passed", "start": 1611232125662, "stop": 1611232125663}, {"name": "And search of books", "status": "passed", "start": 1611232125663, "stop": 1611232125889}, {"name": "Then check result of search", "status": "failed", "statusDetails": {"message": "AssertionError\n", "trace": "  File \"c:\\users\\wsu\\pycharmprojects\\msw_api\\venv\\lib\\site-packages\\behave\\model.py\", line 1329, in run\n    match.run(runner.context)\n  File \"c:\\users\\wsu\\pycharmprojects\\msw_api\\venv\\lib\\site-packages\\behave\\matchers.py\", line 98, in run\n    self.func(context, *args, **kwargs)\n  File \"features\\steps\\index_page_other.py\", line 60, in step_impl\n    assert act_books in exp_books\n"}, "start": 1611232125890, "stop": 1611232125897}], "parameters": [{"name": "type", "value": "smartheat"}], "start": 1611232118786, "stop": 1611232125900, "uuid": "15236cd2-77c7-41da-b0bd-a47ae87e64d6", "historyId": "e50ff4d123972fb49e8d0ddf97213a8a", "fullName": "features/II_index_page.feature:check updating smartheat and top30 through endpoint", "labels": [{"name": "severity", "value": "normal"}, {"name": "feature", "value": "check \"Index\" page"}, {"name": "framework", "value": "behave"}, {"name": "language", "value": "cpython3"}]}