{"name": "checking filters of REPORTS", "status": "failed", "statusDetails": {"message": "AssertionError\n", "trace": "  File \"c:\\users\\wsu\\pycharmprojects\\msw_api\\venv\\lib\\site-packages\\behave\\model.py\", line 1329, in run\n    match.run(runner.context)\n  File \"c:\\users\\wsu\\pycharmprojects\\msw_api\\venv\\lib\\site-packages\\behave\\matchers.py\", line 98, in run\n    self.func(context, *args, **kwargs)\n  File \"features\\steps\\reports.py\", line 94, in step_impl\n    assert actual_report == expected_report\n"}, "steps": [{"name": "Given get company bills for reports", "status": "passed", "start": 1611335342615, "stop": 1611335342666}, {"name": "And formation of url for company report with actual date", "status": "passed", "start": 1611335342666, "stop": 1611335342667}, {"name": "When get expected company report data", "status": "passed", "start": 1611335342667, "stop": 1611335342668}, {"name": "Then compare expected report and actual report", "status": "failed", "statusDetails": {"message": "AssertionError\n", "trace": "  File \"c:\\users\\wsu\\pycharmprojects\\msw_api\\venv\\lib\\site-packages\\behave\\model.py\", line 1329, in run\n    match.run(runner.context)\n  File \"c:\\users\\wsu\\pycharmprojects\\msw_api\\venv\\lib\\site-packages\\behave\\matchers.py\", line 98, in run\n    self.func(context, *args, **kwargs)\n  File \"features\\steps\\reports.py\", line 94, in step_impl\n    assert actual_report == expected_report\n"}, "start": 1611335342668, "stop": 1611335342975}], "start": 1611335342612, "stop": 1611335342979, "uuid": "3bf16baa-8242-498c-9ee4-2fea84e661b3", "historyId": "deb83e44f07a4e9975ef7ddd45121f08", "fullName": "features/I-AS/VII-reports.feature:checking filters of REPORTS", "labels": [{"name": "severity", "value": "normal"}, {"name": "tag", "value": "fin_user"}, {"name": "feature", "value": "report"}, {"name": "framework", "value": "behave"}, {"name": "language", "value": "cpython3"}]}