{"name": "check updating smartheat and top30 through endpoint -- @1.9 cases", "status": "failed", "statusDetails": {"message": "AssertionError\n", "trace": "  File \"c:\\users\\wsu\\pycharmprojects\\msw_api\\venv\\lib\\site-packages\\behave\\model.py\", line 1329, in run\n    match.run(runner.context)\n  File \"c:\\users\\wsu\\pycharmprojects\\msw_api\\venv\\lib\\site-packages\\behave\\matchers.py\", line 98, in run\n    self.func(context, *args, **kwargs)\n  File \"features\\steps\\index_page_other.py\", line 60, in step_impl\n    assert act_books in exp_books\n"}, "steps": [{"name": "Given get all books and sort by author", "status": "passed", "start": 1611232173935, "stop": 1611232180651}, {"name": "And create url with random author", "status": "passed", "start": 1611232180651, "stop": 1611232180652}, {"name": "And search of books", "status": "passed", "start": 1611232180652, "stop": 1611232180779}, {"name": "Then check result of search", "status": "failed", "statusDetails": {"message": "AssertionError\n", "trace": "  File \"c:\\users\\wsu\\pycharmprojects\\msw_api\\venv\\lib\\site-packages\\behave\\model.py\", line 1329, in run\n    match.run(runner.context)\n  File \"c:\\users\\wsu\\pycharmprojects\\msw_api\\venv\\lib\\site-packages\\behave\\matchers.py\", line 98, in run\n    self.func(context, *args, **kwargs)\n  File \"features\\steps\\index_page_other.py\", line 60, in step_impl\n    assert act_books in exp_books\n"}, "start": 1611232180780, "stop": 1611232180786}], "parameters": [{"name": "type", "value": "smartheat"}], "start": 1611232173926, "stop": 1611232180788, "uuid": "ad4d8fb8-71db-4be0-9917-819c5e3a11ba", "historyId": "5816816eeb352cd638a2f52b965618a2", "fullName": "features/II_index_page.feature:check updating smartheat and top30 through endpoint", "labels": [{"name": "severity", "value": "normal"}, {"name": "feature", "value": "check \"Index\" page"}, {"name": "framework", "value": "behave"}, {"name": "language", "value": "cpython3"}]}