{"name": "check updating smartheat and top30 through endpoint -- @1.8 cases", "status": "failed", "statusDetails": {"message": "AssertionError\n", "trace": "  File \"c:\\users\\wsu\\pycharmprojects\\msw_api\\venv\\lib\\site-packages\\behave\\model.py\", line 1329, in run\n    match.run(runner.context)\n  File \"c:\\users\\wsu\\pycharmprojects\\msw_api\\venv\\lib\\site-packages\\behave\\matchers.py\", line 98, in run\n    self.func(context, *args, **kwargs)\n  File \"features\\steps\\index_page_other.py\", line 60, in step_impl\n    assert exp_books == act_books\n"}, "steps": [{"name": "Given get all books and sort by author", "status": "passed", "start": 1611228490223, "stop": 1611228493503}, {"name": "And create url with random author", "status": "passed", "start": 1611228493503, "stop": 1611228493504}, {"name": "And search of books", "status": "passed", "start": 1611228493504, "stop": 1611228493637}, {"name": "Then check result of search", "status": "failed", "statusDetails": {"message": "AssertionError\n", "trace": "  File \"c:\\users\\wsu\\pycharmprojects\\msw_api\\venv\\lib\\site-packages\\behave\\model.py\", line 1329, in run\n    match.run(runner.context)\n  File \"c:\\users\\wsu\\pycharmprojects\\msw_api\\venv\\lib\\site-packages\\behave\\matchers.py\", line 98, in run\n    self.func(context, *args, **kwargs)\n  File \"features\\steps\\index_page_other.py\", line 60, in step_impl\n    assert exp_books == act_books\n"}, "start": 1611228493637, "stop": 1611228493639}], "parameters": [{"name": "type", "value": "top30"}], "start": 1611228490220, "stop": 1611228493640, "uuid": "d6d2f32a-515d-4ca3-bd05-60c40a30be90", "historyId": "01d71f26a709517f8b6b6a262b793b40", "fullName": "features/II_index_page.feature:check updating smartheat and top30 through endpoint", "labels": [{"name": "severity", "value": "normal"}, {"name": "feature", "value": "check \"Index\" page"}, {"name": "framework", "value": "behave"}, {"name": "language", "value": "cpython3"}]}