{"name": "checking filters of REPORTS", "status": "failed", "statusDetails": {"message": "AssertionError\n", "trace": "  File \"c:\\users\\wsu\\pycharmprojects\\msw_api\\venv\\lib\\site-packages\\behave\\model.py\", line 1329, in run\n    match.run(runner.context)\n  File \"c:\\users\\wsu\\pycharmprojects\\msw_api\\venv\\lib\\site-packages\\behave\\matchers.py\", line 98, in run\n    self.func(context, *args, **kwargs)\n  File \"features\\steps\\reports.py\", line 93, in step_impl\n    assert actual_report == expected_report\n"}, "steps": [{"name": "Given get company bills for reports", "status": "passed", "start": 1610745237028, "stop": 1610745237054}, {"name": "And formation of url for company report with non actual date", "status": "passed", "start": 1610745237054, "stop": 1610745237055}, {"name": "When get expected company report data", "status": "passed", "start": 1610745237056, "stop": 1610745237056}, {"name": "Then compare expected report and actual report", "status": "failed", "statusDetails": {"message": "AssertionError\n", "trace": "  File \"c:\\users\\wsu\\pycharmprojects\\msw_api\\venv\\lib\\site-packages\\behave\\model.py\", line 1329, in run\n    match.run(runner.context)\n  File \"c:\\users\\wsu\\pycharmprojects\\msw_api\\venv\\lib\\site-packages\\behave\\matchers.py\", line 98, in run\n    self.func(context, *args, **kwargs)\n  File \"features\\steps\\reports.py\", line 93, in step_impl\n    assert actual_report == expected_report\n"}, "start": 1610745237056, "stop": 1610745237085}], "start": 1610745237027, "stop": 1610745237086, "uuid": "6a4b4e8e-b2a3-461d-9d09-50e555c3e9a0", "historyId": "deb83e44f07a4e9975ef7ddd45121f08", "fullName": "features/I-AS/VII-reports.feature:checking filters of REPORTS", "labels": [{"name": "severity", "value": "normal"}, {"name": "tag", "value": "fin_user"}, {"name": "feature", "value": "report"}, {"name": "framework", "value": "behave"}, {"name": "language", "value": "cpython3"}]}